#
# There is insufficient memory for the Java Runtime Environment to continue.
# Native memory allocation (malloc) failed to allocate 2065936 bytes for Chunk::new
# Possible reasons:
#   The system is out of physical RAM or swap space
#   The process is running with CompressedOops enabled, and the Java Heap may be blocking the growth of the native heap
# Possible solutions:
#   Reduce memory load on the system
#   Increase physical memory or swap space
#   Check if swap backing store is full
#   Decrease Java heap size (-Xmx/-Xms)
#   Decrease number of Java threads
#   Decrease Java thread stack sizes (-Xss)
#   Set larger code cache with -XX:ReservedCodeCacheSize=
#   JVM is running with Unscaled Compressed Oops mode in which the Java heap is
#     placed in the first 4GB address space. The Java Heap base address is the
#     maximum limit for the native heap growth. Please use -XX:HeapBaseMinAddress
#     to set the Java Heap base and to place the Java Heap above 4GB virtual address.
# This output file may be truncated or incomplete.
#
#  Out of Memory Error (allocation.cpp:389), pid=10472, tid=0x00000000000027ec
#
# JRE version: OpenJDK Runtime Environment (8.0_212-b04) (build 1.8.0_212-release-1586-b04)
# Java VM: OpenJDK 64-Bit Server VM (25.212-b04 mixed mode windows-amd64 compressed oops)
# Failed to write core dump. Minidumps are not enabled by default on client versions of Windows
#

---------------  T H R E A D  ---------------

Current thread (0x0000000016af1800):  JavaThread "C2 CompilerThread1" daemon [_thread_in_native, id=10220, stack(0x0000000018230000,0x0000000018330000)]

Stack: [0x0000000018230000,0x0000000018330000]
[error occurred during error reporting (printing stack bounds), id 0xc0000005]

Native frames: (J=compiled Java code, j=interpreted, Vv=VM code, C=native code)


Current CompileTask:
C2:1194200 18834       4       com.android.tools.r8.ir.optimize.Z::a (406 bytes)


---------------  P R O C E S S  ---------------

Java Threads: ( => current thread )
  0x000000001e879000 JavaThread "Cache worker for Java compile cache (C:\Users\Givi\AndroidStudioProjects\MyCV\.gradle\5.6.4\javaCompile)" [_thread_blocked, id=10664, stack(0x000000002b9f0000,0x000000002baf0000)]
  0x000000001e87c000 JavaThread "Cache worker for Java compile cache (C:\Users\Givi\.gradle\caches\5.6.4\javaCompile)" [_thread_blocked, id=5480, stack(0x000000002b8f0000,0x000000002b9f0000)]
  0x000000001af62000 JavaThread "WorkerExecutor Queue Thread 5" [_thread_blocked, id=3596, stack(0x0000000029850000,0x0000000029950000)]
  0x000000001af5e000 JavaThread "stdout" [_thread_in_native, id=10480, stack(0x0000000029750000,0x0000000029850000)]
  0x0000000016af9000 JavaThread "stderr" [_thread_in_native, id=640, stack(0x0000000029650000,0x0000000029750000)]
  0x000000001af65800 JavaThread "stdout" [_thread_in_native, id=9664, stack(0x0000000029550000,0x0000000029650000)]
  0x000000001af69800 JavaThread "stderr" [_thread_in_native, id=8580, stack(0x0000000029450000,0x0000000029550000)]
  0x000000001af68800 JavaThread "stdout" [_thread_in_native, id=2076, stack(0x0000000029350000,0x0000000029450000)]
  0x000000001af64000 JavaThread "stderr" [_thread_in_native, id=1788, stack(0x0000000029250000,0x0000000029350000)]
  0x000000001af6b000 JavaThread "WorkerExecutor Queue Thread 4" [_thread_in_native, id=6884, stack(0x0000000029150000,0x0000000029250000)]
  0x000000001af66800 JavaThread "WorkerExecutor Queue Thread 3" [_thread_blocked, id=4588, stack(0x0000000029050000,0x0000000029150000)]
  0x000000001af5c800 JavaThread "stdout" [_thread_in_native, id=3088, stack(0x0000000028e50000,0x0000000028f50000)]
  0x000000001af61000 JavaThread "stderr" [_thread_in_native, id=964, stack(0x0000000028d50000,0x0000000028e50000)]
  0x000000001af5f800 JavaThread "pool-14-thread-1" [_thread_blocked, id=9084, stack(0x0000000028c50000,0x0000000028d50000)]
  0x000000001af60800 JavaThread "WorkerExecutor Queue" [_thread_blocked, id=7276, stack(0x0000000028350000,0x0000000028450000)]
  0x000000001af63800 JavaThread "Cache worker for execution history cache (C:\Users\Givi\AndroidStudioProjects\MyCV\.gradle\5.6.4\executionHistory)" [_thread_blocked, id=3216, stack(0x0000000028250000,0x0000000028350000)]
  0x000000001af4e800 JavaThread "Execution worker for ':' Thread 3" [_thread_in_Java, id=740, stack(0x0000000028150000,0x0000000028250000)]
  0x000000001af4e000 JavaThread "Execution worker for ':' Thread 2" [_thread_in_Java, id=9528, stack(0x0000000028050000,0x0000000028150000)]
  0x000000001af4d000 JavaThread "Execution worker for ':'" [_thread_blocked, id=4564, stack(0x0000000027f50000,0x0000000028050000)]
  0x000000001af4c800 JavaThread "Cache worker for file content cache (C:\Users\Givi\AndroidStudioProjects\MyCV\.gradle\5.6.4\fileContent)" [_thread_blocked, id=1616, stack(0x0000000027e50000,0x0000000027f50000)]
  0x000000001af4b800 JavaThread "Cache worker for file content cache (C:\Users\Givi\.gradle\caches\5.6.4\fileContent)" [_thread_blocked, id=10628, stack(0x0000000027d50000,0x0000000027e50000)]
  0x000000001af49800 JavaThread "Cache worker for Build Output Cleanup Cache (C:\Users\Givi\AndroidStudioProjects\MyCV\.gradle\buildOutputCleanup)" [_thread_blocked, id=4956, stack(0x0000000027c50000,0x0000000027d50000)]
  0x000000001af4b000 JavaThread "Build operations Thread 4" [_thread_blocked, id=6924, stack(0x0000000027b50000,0x0000000027c50000)]
  0x000000001af4a000 JavaThread "Build operations Thread 3" [_thread_blocked, id=9652, stack(0x0000000027a50000,0x0000000027b50000)]
  0x000000001af42000 JavaThread "Build operations Thread 2" [_thread_blocked, id=10560, stack(0x0000000027950000,0x0000000027a50000)]
  0x000000001af48800 JavaThread "Build operations" [_thread_blocked, id=11060, stack(0x0000000027850000,0x0000000027950000)]
  0x000000001af41000 JavaThread "Cache worker for cache directory md-rule (C:\Users\Givi\.gradle\caches\5.6.4\md-rule)" [_thread_blocked, id=9628, stack(0x0000000027750000,0x0000000027850000)]
  0x000000001af45000 JavaThread "Cache worker for cache directory md-supplier (C:\Users\Givi\.gradle\caches\5.6.4\md-supplier)" [_thread_blocked, id=6552, stack(0x0000000027650000,0x0000000027750000)]
  0x000000001af48000 JavaThread "Cache worker for file hash cache (C:\Users\Givi\AndroidStudioProjects\MyCV\.gradle\5.6.4\fileHashes)" [_thread_blocked, id=7060, stack(0x0000000027550000,0x0000000027650000)]
  0x000000001af42800 JavaThread "Thread-42" [_thread_blocked, id=10456, stack(0x0000000027450000,0x0000000027550000)]
  0x000000001af44000 JavaThread "Stdin handler" [_thread_blocked, id=6664, stack(0x0000000027350000,0x0000000027450000)]
  0x000000001af43800 JavaThread "Asynchronous log dispatcher for DefaultDaemonConnection: socket connection from /127.0.0.1:65199 to /127.0.0.1:65331" [_thread_blocked, id=6840, stack(0x0000000027250000,0x0000000027350000)]
  0x000000001af45800 JavaThread "Daemon worker Thread 3" [_thread_in_Java, id=2908, stack(0x0000000027150000,0x0000000027250000)]
  0x000000001af47000 JavaThread "Cancel handler" [_thread_blocked, id=6896, stack(0x0000000027050000,0x0000000027150000)]
  0x000000001af3f800 JavaThread "Handler for socket connection from /127.0.0.1:65199 to /127.0.0.1:65331" [_thread_in_native, id=7280, stack(0x0000000026f50000,0x0000000027050000)]
  0x000000001af46800 JavaThread "Daemon Thread 3" [_thread_blocked, id=10056, stack(0x0000000026e50000,0x0000000026f50000)]
  0x000000001af65000 JavaThread "Memory manager" [_thread_blocked, id=4664, stack(0x0000000024ac0000,0x0000000024bc0000)]
  0x000000001af5d800 JavaThread "Cache worker for execution history cache (C:\Users\Givi\.gradle\caches\5.6.4\executionHistory)" [_thread_blocked, id=8752, stack(0x00000000209b0000,0x0000000020ab0000)]
  0x0000000016af5000 JavaThread "Cache worker for journal cache (C:\Users\Givi\.gradle\caches\journal-1)" [_thread_blocked, id=10324, stack(0x000000001c680000,0x000000001c780000)]
  0x0000000016af8000 JavaThread "File lock request listener" [_thread_in_native, id=7460, stack(0x000000001c580000,0x000000001c680000)]
  0x0000000016af6800 JavaThread "Cache worker for file hash cache (C:\Users\Givi\.gradle\caches\5.6.4\fileHashes)" [_thread_blocked, id=8420, stack(0x000000001c480000,0x000000001c580000)]
  0x000000001a6af800 JavaThread "Daemon periodic checks" [_thread_blocked, id=9544, stack(0x000000001ba80000,0x000000001bb80000)]
  0x000000001a65a800 JavaThread "Incoming local TCP Connector on port 65199" [_thread_in_native, id=2032, stack(0x000000001b830000,0x000000001b930000)]
  0x000000001a560800 JavaThread "Daemon health stats" [_thread_blocked, id=3688, stack(0x000000001b1d0000,0x000000001b2d0000)]
  0x0000000018468800 JavaThread "Service Thread" daemon [_thread_blocked, id=11016, stack(0x0000000018830000,0x0000000018930000)]
  0x0000000016af9800 JavaThread "C1 CompilerThread2" daemon [_thread_blocked, id=3204, stack(0x0000000018330000,0x0000000018430000)]
=>0x0000000016af1800 JavaThread "C2 CompilerThread1" daemon [_thread_in_native, id=10220, stack(0x0000000018230000,0x0000000018330000)]
  0x0000000016ae3800 JavaThread "C2 CompilerThread0" daemon [_thread_in_native, id=3392, stack(0x0000000018130000,0x0000000018230000)]
  0x0000000016ae2000 JavaThread "Attach Listener" daemon [_thread_blocked, id=4656, stack(0x0000000018030000,0x0000000018130000)]
  0x0000000016ae1000 JavaThread "Signal Dispatcher" daemon [_thread_blocked, id=9856, stack(0x0000000017f30000,0x0000000018030000)]
  0x000000000316b000 JavaThread "Finalizer" daemon [_thread_blocked, id=2140, stack(0x0000000017d30000,0x0000000017e30000)]
  0x0000000016ac9000 JavaThread "Reference Handler" daemon [_thread_blocked, id=2024, stack(0x0000000017c30000,0x0000000017d30000)]
  0x000000000120e000 JavaThread "main" [_thread_blocked, id=10416, stack(0x0000000002f70000,0x0000000003070000)]

Other Threads:
  0x0000000016aa7000 VMThread [stack: 0x0000000017b30000,0x0000000017c30000] [id=6212]
  0x0000000016b3e000 WatcherThread [stack: 0x0000000018930000,0x0000000018a30000] [id=2748]

VM state:not at safepoint (normal execution)

VM Mutex/Monitor currently owned by a thread: None

heap address: 0x00000000a0000000, size: 1536 MB, Compressed Oops mode: 32-bit
Narrow klass base: 0x0000000000000000, Narrow klass shift: 3
Compressed class space size: 1073741824 Address: 0x0000000100000000

Heap:
 PSYoungGen      total 467968K, used 170629K [0x00000000e0000000, 0x00000000ffd00000, 0x0000000100000000)
  eden space 419328K, 34% used [0x00000000e0000000,0x00000000e8b729d0,0x00000000f9980000)
  from space 48640K, 57% used [0x00000000f9980000,0x00000000fb4aedf0,0x00000000fc900000)
  to   space 47616K, 0% used [0x00000000fce80000,0x00000000fce80000,0x00000000ffd00000)
 ParOldGen       total 337408K, used 78700K [0x00000000a0000000, 0x00000000b4980000, 0x00000000e0000000)
  object space 337408K, 23% used [0x00000000a0000000,0x00000000a4cdb3a0,0x00000000b4980000)
 Metaspace       used 99915K, capacity 104558K, committed 104832K, reserved 1140736K
  class space    used 12947K, capacity 13908K, committed 13952K, reserved 1048576K

Card table byte_map: [0x0000000012530000,0x0000000012840000] byte_map_base: 0x0000000012030000

Marking Bits: (ParMarkBitMap*) 0x0000000059c19f30
 Begin Bits: [0x0000000012e40000, 0x0000000014640000)
 End Bits:   [0x0000000014640000, 0x0000000015e40000)

Polling page: 0x0000000001250000

CodeCache: size=245760Kb used=51825Kb max_used=52239Kb free=193934Kb
 bounds [0x0000000003170000, 0x0000000006520000, 0x0000000012170000]
 total_blobs=16833 nmethods=15910 adapters=834
 compilation: enabled

Compilation events (10 events):
Event: 1194.169 Thread 0x0000000016af9800 19080       3       java.util.IdentityHashMap$KeySet::toArray (142 bytes)
Event: 1194.170 Thread 0x0000000016af9800 nmethod 19080 0x0000000003aadc10 code [0x0000000003aade20, 0x0000000003aaea18]
Event: 1194.184 Thread 0x0000000016af9800 19081       2       com.android.tools.r8.s.a.a.b.u0::get (9 bytes)
Event: 1194.184 Thread 0x0000000016af9800 nmethod 19081 0x00000000045a6110 code [0x00000000045a6280, 0x00000000045a6408]
Event: 1194.184 Thread 0x0000000016af9800 19082       2       com.android.tools.r8.s.a.a.b.r0$a::get (9 bytes)
Event: 1194.184 Thread 0x0000000016af9800 nmethod 19082 0x0000000005028110 code [0x0000000005028280, 0x0000000005028408]
Event: 1194.184 Thread 0x0000000016af9800 19083       2       com.android.tools.r8.s.a.a.b.l2::b (7 bytes)
Event: 1194.184 Thread 0x0000000016af9800 nmethod 19083 0x00000000050be1d0 code [0x00000000050be320, 0x00000000050be490]
Event: 1194.187 Thread 0x0000000016af9800 19084       2       com.android.tools.r8.u.b.h0::c (48 bytes)
Event: 1194.187 Thread 0x0000000016af9800 nmethod 19084 0x00000000051df1d0 code [0x00000000051df320, 0x00000000051df4d0]

GC Heap History (10 events):
Event: 1189.511 GC heap before
{Heap before GC invocations=15 (full 3):
 PSYoungGen      total 390144K, used 78709K [0x00000000e0000000, 0x00000000ff400000, 0x0000000100000000)
  eden space 352256K, 11% used [0x00000000e0000000,0x00000000e27e3b40,0x00000000f5800000)
  from space 37888K, 99% used [0x00000000f5800000,0x00000000f7cf9aa8,0x00000000f7d00000)
  to   space 54272K, 0% used [0x00000000fbf00000,0x00000000fbf00000,0x00000000ff400000)
 ParOldGen       total 223232K, used 79221K [0x00000000a0000000, 0x00000000ada00000, 0x00000000e0000000)
  object space 223232K, 35% used [0x00000000a0000000,0x00000000a4d5d5a8,0x00000000ada00000)
 Metaspace       used 94215K, capacity 98406K, committed 98560K, reserved 1134592K
  class space    used 12308K, capacity 13198K, committed 13312K, reserved 1048576K
Event: 1189.543 GC heap after
Heap after GC invocations=15 (full 3):
 PSYoungGen      total 460288K, used 17496K [0x00000000e0000000, 0x0000000100000000, 0x0000000100000000)
  eden space 406016K, 0% used [0x00000000e0000000,0x00000000e0000000,0x00000000f8c80000)
  from space 54272K, 32% used [0x00000000fbf00000,0x00000000fd016390,0x00000000ff400000)
  to   space 51712K, 0% used [0x00000000f8c80000,0x00000000f8c80000,0x00000000fbf00000)
 ParOldGen       total 223232K, used 106963K [0x00000000a0000000, 0x00000000ada00000, 0x00000000e0000000)
  object space 223232K, 47% used [0x00000000a0000000,0x00000000a6874e40,0x00000000ada00000)
 Metaspace       used 94215K, capacity 98406K, committed 98560K, reserved 1134592K
  class space    used 12308K, capacity 13198K, committed 13312K, reserved 1048576K
}
Event: 1189.544 GC heap before
{Heap before GC invocations=16 (full 4):
 PSYoungGen      total 460288K, used 17496K [0x00000000e0000000, 0x0000000100000000, 0x0000000100000000)
  eden space 406016K, 0% used [0x00000000e0000000,0x00000000e0000000,0x00000000f8c80000)
  from space 54272K, 32% used [0x00000000fbf00000,0x00000000fd016390,0x00000000ff400000)
  to   space 51712K, 0% used [0x00000000f8c80000,0x00000000f8c80000,0x00000000fbf00000)
 ParOldGen       total 223232K, used 106963K [0x00000000a0000000, 0x00000000ada00000, 0x00000000e0000000)
  object space 223232K, 47% used [0x00000000a0000000,0x00000000a6874e40,0x00000000ada00000)
 Metaspace       used 94215K, capacity 98406K, committed 98560K, reserved 1134592K
  class space    used 12308K, capacity 13198K, committed 13312K, reserved 1048576K
Event: 1189.736 GC heap after
Heap after GC invocations=16 (full 4):
 PSYoungGen      total 460288K, used 0K [0x00000000e0000000, 0x0000000100000000, 0x0000000100000000)
  eden space 406016K, 0% used [0x00000000e0000000,0x00000000e0000000,0x00000000f8c80000)
  from space 54272K, 0% used [0x00000000fbf00000,0x00000000fbf00000,0x00000000ff400000)
  to   space 51712K, 0% used [0x00000000f8c80000,0x00000000f8c80000,0x00000000fbf00000)
 ParOldGen       total 337408K, used 78676K [0x00000000a0000000, 0x00000000b4980000, 0x00000000e0000000)
  object space 337408K, 23% used [0x00000000a0000000,0x00000000a4cd53a0,0x00000000b4980000)
 Metaspace       used 93955K, capacity 97656K, committed 98560K, reserved 1134592K
  class space    used 12223K, capacity 13051K, committed 13312K, reserved 1048576K
}
Event: 1191.544 GC heap before
{Heap before GC invocations=17 (full 4):
 PSYoungGen      total 460288K, used 406016K [0x00000000e0000000, 0x0000000100000000, 0x0000000100000000)
  eden space 406016K, 100% used [0x00000000e0000000,0x00000000f8c80000,0x00000000f8c80000)
  from space 54272K, 0% used [0x00000000fbf00000,0x00000000fbf00000,0x00000000ff400000)
  to   space 51712K, 0% used [0x00000000f8c80000,0x00000000f8c80000,0x00000000fbf00000)
 ParOldGen       total 337408K, used 78676K [0x00000000a0000000, 0x00000000b4980000, 0x00000000e0000000)
  object space 337408K, 23% used [0x00000000a0000000,0x00000000a4cd53a0,0x00000000b4980000)
 Metaspace       used 99466K, capacity 104100K, committed 104320K, reserved 1140736K
  class space    used 12908K, capacity 13859K, committed 13952K, reserved 1048576K
Event: 1191.575 GC heap after
Heap after GC invocations=17 (full 4):
 PSYoungGen      total 457728K, used 24671K [0x00000000e0000000, 0x00000000ff980000, 0x0000000100000000)
  eden space 406016K, 0% used [0x00000000e0000000,0x00000000e0000000,0x00000000f8c80000)
  from space 51712K, 47% used [0x00000000f8c80000,0x00000000fa497de0,0x00000000fbf00000)
  to   space 49664K, 0% used [0x00000000fc900000,0x00000000fc900000,0x00000000ff980000)
 ParOldGen       total 337408K, used 78684K [0x00000000a0000000, 0x00000000b4980000, 0x00000000e0000000)
  object space 337408K, 23% used [0x00000000a0000000,0x00000000a4cd73a0,0x00000000b4980000)
 Metaspace       used 99466K, capacity 104100K, committed 104320K, reserved 1140736K
  class space    used 12908K, capacity 13859K, committed 13952K, reserved 1048576K
}
Event: 1192.517 GC heap before
{Heap before GC invocations=18 (full 4):
 PSYoungGen      total 457728K, used 430687K [0x00000000e0000000, 0x00000000ff980000, 0x0000000100000000)
  eden space 406016K, 100% used [0x00000000e0000000,0x00000000f8c80000,0x00000000f8c80000)
  from space 51712K, 47% used [0x00000000f8c80000,0x00000000fa497de0,0x00000000fbf00000)
  to   space 49664K, 0% used [0x00000000fc900000,0x00000000fc900000,0x00000000ff980000)
 ParOldGen       total 337408K, used 78684K [0x00000000a0000000, 0x00000000b4980000, 0x00000000e0000000)
  object space 337408K, 23% used [0x00000000a0000000,0x00000000a4cd73a0,0x00000000b4980000)
 Metaspace       used 99733K, capacity 104360K, committed 104576K, reserved 1140736K
  class space    used 12931K, capacity 13869K, committed 13952K, reserved 1048576K
Event: 1192.547 GC heap after
Heap after GC invocations=18 (full 4):
 PSYoungGen      total 468992K, used 25726K [0x00000000e0000000, 0x00000000ffc00000, 0x0000000100000000)
  eden space 419328K, 0% used [0x00000000e0000000,0x00000000e0000000,0x00000000f9980000)
  from space 49664K, 51% used [0x00000000fc900000,0x00000000fe21f830,0x00000000ff980000)
  to   space 48640K, 0% used [0x00000000f9980000,0x00000000f9980000,0x00000000fc900000)
 ParOldGen       total 337408K, used 78692K [0x00000000a0000000, 0x00000000b4980000, 0x00000000e0000000)
  object space 337408K, 23% used [0x00000000a0000000,0x00000000a4cd93a0,0x00000000b4980000)
 Metaspace       used 99733K, capacity 104360K, committed 104576K, reserved 1140736K
  class space    used 12931K, capacity 13869K, committed 13952K, reserved 1048576K
}
Event: 1193.652 GC heap before
{Heap before GC invocations=19 (full 4):
 PSYoungGen      total 468992K, used 445054K [0x00000000e0000000, 0x00000000ffc00000, 0x0000000100000000)
  eden space 419328K, 100% used [0x00000000e0000000,0x00000000f9980000,0x00000000f9980000)
  from space 49664K, 51% used [0x00000000fc900000,0x00000000fe21f830,0x00000000ff980000)
  to   space 48640K, 0% used [0x00000000f9980000,0x00000000f9980000,0x00000000fc900000)
 ParOldGen       total 337408K, used 78692K [0x00000000a0000000, 0x00000000b4980000, 0x00000000e0000000)
  object space 337408K, 23% used [0x00000000a0000000,0x00000000a4cd93a0,0x00000000b4980000)
 Metaspace       used 99897K, capacity 104554K, committed 104832K, reserved 1140736K
  class space    used 12947K, capacity 13908K, committed 13952K, reserved 1048576K
Event: 1193.679 GC heap after
Heap after GC invocations=19 (full 4):
 PSYoungGen      total 467968K, used 27835K [0x00000000e0000000, 0x00000000ffd00000, 0x0000000100000000)
  eden space 419328K, 0% used [0x00000000e0000000,0x00000000e0000000,0x00000000f9980000)
  from space 48640K, 57% used [0x00000000f9980000,0x00000000fb4aedf0,0x00000000fc900000)
  to   space 47616K, 0% used [0x00000000fce80000,0x00000000fce80000,0x00000000ffd00000)
 ParOldGen       total 337408K, used 78700K [0x00000000a0000000, 0x00000000b4980000, 0x00000000e0000000)
  object space 337408K, 23% used [0x00000000a0000000,0x00000000a4cdb3a0,0x00000000b4980000)
 Metaspace       used 99897K, capacity 104554K, committed 104832K, reserved 1140736K
  class space    used 12947K, capacity 13908K, committed 13952K, reserved 1048576K
}

Deoptimization events (10 events):
Event: 1192.690 Thread 0x000000001af45800 Uncommon trap: reason=unstable_if action=reinterpret pc=0x000000000629a8e4 method=com.android.tools.r8.B.a.a.f.a(Lcom/android/tools/r8/B/a/a/h;[Lcom/android/tools/r8/B/a/a/d;I)V @ 2953
Event: 1192.690 Thread 0x000000001af45800 Uncommon trap: reason=unstable_if action=reinterpret pc=0x0000000005fdf278 method=com.android.tools.r8.B.a.a.f.<init>([BIZ)V @ 362
Event: 1192.714 Thread 0x000000001af45800 Uncommon trap: reason=null_assert action=make_not_entrant pc=0x000000000621af78 method=com.android.tools.r8.B.a.a.f.a(Lcom/android/tools/r8/B/a/a/u;Lcom/android/tools/r8/B/a/a/k;I)V @ 4637
Event: 1192.799 Thread 0x000000001af4e800 Uncommon trap: reason=unstable_if action=reinterpret pc=0x0000000005945030 method=com.android.tools.r8.graph.b0.computeEquals(Ljava/lang/Object;)Z @ 37
Event: 1192.945 Thread 0x000000001af4e800 Uncommon trap: reason=class_check action=maybe_recompile pc=0x00000000060362c4 method=com.android.tools.r8.u.b.g1.a(Lcom/android/tools/r8/u/b/j1;)Lcom/android/tools/r8/ir/analysis/type/k; @ 343
Event: 1192.947 Thread 0x000000001af4e800 Uncommon trap: reason=class_check action=maybe_recompile pc=0x0000000005c02da8 method=com.android.tools.r8.u.c.m.a(ILjava/util/List;Lcom/android/tools/r8/v/a/a/a/h/Q0;)Lcom/android/tools/r8/u/c/m; @ 10
Event: 1192.999 Thread 0x000000001af45800 Uncommon trap: reason=class_check action=maybe_recompile pc=0x000000000625b7dc method=com.android.tools.r8.u.a.h.e.b(Lcom/android/tools/r8/u/b/d0;)V @ 142
Event: 1192.999 Thread 0x000000001af45800 Uncommon trap: reason=class_check action=maybe_recompile pc=0x000000000625b7dc method=com.android.tools.r8.u.a.h.e.b(Lcom/android/tools/r8/u/b/d0;)V @ 142
Event: 1193.128 Thread 0x000000001af45800 Uncommon trap: reason=class_check action=maybe_recompile pc=0x000000000625b7dc method=com.android.tools.r8.u.a.h.e.b(Lcom/android/tools/r8/u/b/d0;)V @ 142
Event: 1193.128 Thread 0x000000001af45800 Uncommon trap: reason=class_check action=maybe_recompile pc=0x000000000625b7dc method=com.android.tools.r8.u.a.h.e.b(Lcom/android/tools/r8/u/b/d0;)V @ 142

Classes redefined (0 events):
No events

Internal exceptions (10 events):
Event: 1190.742 Thread 0x000000001af4e000 Exception <a 'sun/nio/fs/WindowsException'> (0x00000000eb5c9818) thrown at [D:\src\AOSP-openjdk-cygwin\jdk8u\hotspot\src\share\vm\prims\jni.cpp, line 710]
Event: 1190.897 Thread 0x000000001af6b000 Implicit null exception at 0x0000000005483a30 to 0x0000000005483a40
Event: 1190.902 Thread 0x000000001af45800 Exception <a 'sun/nio/fs/WindowsException'> (0x00000000ead1c5e8) thrown at [D:\src\AOSP-openjdk-cygwin\jdk8u\hotspot\src\share\vm\prims\jni.cpp, line 710]
Event: 1191.125 Thread 0x000000001af4e000 Exception <a 'sun/nio/fs/WindowsException'> (0x00000000ef40d8a8) thrown at [D:\src\AOSP-openjdk-cygwin\jdk8u\hotspot\src\share\vm\prims\jni.cpp, line 710]
Event: 1191.136 Thread 0x000000001af45800 Exception <a 'sun/nio/fs/WindowsException'> (0x00000000f0c60110) thrown at [D:\src\AOSP-openjdk-cygwin\jdk8u\hotspot\src\share\vm\prims\jni.cpp, line 710]
Event: 1191.440 Thread 0x000000001af4e000 Exception <a 'sun/nio/fs/WindowsException'> (0x00000000ef449810) thrown at [D:\src\AOSP-openjdk-cygwin\jdk8u\hotspot\src\share\vm\prims\jni.cpp, line 710]
Event: 1191.448 Thread 0x000000001af4e000 Exception <a 'sun/nio/fs/WindowsException'> (0x00000000f692b910) thrown at [D:\src\AOSP-openjdk-cygwin\jdk8u\hotspot\src\share\vm\prims\jni.cpp, line 710]
Event: 1191.944 Thread 0x000000001af4e000 Exception <a 'sun/nio/fs/WindowsException'> (0x00000000e8f0e080) thrown at [D:\src\AOSP-openjdk-cygwin\jdk8u\hotspot\src\share\vm\prims\jni.cpp, line 710]
Event: 1192.409 Thread 0x000000001af45800 Exception <a 'sun/nio/fs/WindowsException'> (0x00000000f52c4238) thrown at [D:\src\AOSP-openjdk-cygwin\jdk8u\hotspot\src\share\vm\prims\jni.cpp, line 710]
Event: 1192.689 Thread 0x000000001af45800 Exception <a 'sun/nio/fs/WindowsException'> (0x00000000e4239f70) thrown at [D:\src\AOSP-openjdk-cygwin\jdk8u\hotspot\src\share\vm\prims\jni.cpp, line 710]

Events (10 events):
Event: 1194.062 Thread 0x000000001af4e800 DEOPT PACKING pc=0x0000000005db02f5 sp=0x000000002824a580
Event: 1194.062 Thread 0x000000001af4e800 DEOPT UNPACKING pc=0x00000000031b75d0 sp=0x000000002824a5e8 mode 0
Event: 1194.125 Thread 0x000000001af45800 DEOPT PACKING pc=0x0000000006425ac8 sp=0x0000000027247ac0
Event: 1194.125 Thread 0x000000001af45800 DEOPT UNPACKING pc=0x00000000031b75d0 sp=0x0000000027247aa0 mode 0
Event: 1194.170 Thread 0x000000001af4e000 DEOPT PACKING pc=0x000000000628985b sp=0x000000002814b0d0
Event: 1194.170 Thread 0x000000001af4e000 DEOPT UNPACKING pc=0x00000000031b75d0 sp=0x000000002814ae00 mode 0
Event: 1194.176 Thread 0x000000001af4e800 DEOPT PACKING pc=0x0000000005db02f5 sp=0x000000002824a580
Event: 1194.176 Thread 0x000000001af4e800 DEOPT UNPACKING pc=0x00000000031b75d0 sp=0x000000002824a5e8 mode 0
Event: 1194.198 Thread 0x000000001af45800 DEOPT PACKING pc=0x0000000005db035b sp=0x0000000027247cc0
Event: 1194.198 Thread 0x000000001af45800 DEOPT UNPACKING pc=0x00000000031b75d0 sp=0x0000000027247d28 mode 0


Dynamic libraries:
0x00007ff6c5ea0000 - 0x00007ff6c5ed1000 	C:\Program Files\Android\Android Studio\jre\bin\java.exe
0x00007ffe59de0000 - 0x00007ffe59fcd000 	C:\Windows\SYSTEM32\ntdll.dll
0x00007ffe57a90000 - 0x00007ffe57b43000 	C:\Windows\System32\KERNEL32.DLL
0x00007ffe563c0000 - 0x00007ffe56655000 	C:\Windows\System32\KERNELBASE.dll
0x00007ffe57890000 - 0x00007ffe57933000 	C:\Windows\System32\ADVAPI32.dll
0x00007ffe594f0000 - 0x00007ffe5958e000 	C:\Windows\System32\msvcrt.dll
0x00007ffe57d40000 - 0x00007ffe57dde000 	C:\Windows\System32\sechost.dll
0x00007ffe575b0000 - 0x00007ffe576d2000 	C:\Windows\System32\RPCRT4.dll
0x00007ffe59350000 - 0x00007ffe594e7000 	C:\Windows\System32\USER32.dll
0x00007ffe56e00000 - 0x00007ffe56e20000 	C:\Windows\System32\win32u.dll
0x00007ffe576e0000 - 0x00007ffe57709000 	C:\Windows\System32\GDI32.dll
0x00007ffe55f20000 - 0x00007ffe560b9000 	C:\Windows\System32\gdi32full.dll
0x00007ffe56320000 - 0x00007ffe563c0000 	C:\Windows\System32\msvcp_win.dll
0x00007ffe56220000 - 0x00007ffe5631a000 	C:\Windows\System32\ucrtbase.dll
0x00007ffe444b0000 - 0x00007ffe44729000 	C:\Windows\WinSxS\amd64_microsoft.windows.common-controls_6595b64144ccf1df_6.0.17763.1158_none_de722d88534a897f\COMCTL32.dll
0x00007ffe59640000 - 0x00007ffe5996c000 	C:\Windows\System32\combase.dll
0x00007ffe55ea0000 - 0x00007ffe55f1e000 	C:\Windows\System32\bcryptPrimitives.dll
0x00007ffe57d10000 - 0x00007ffe57d3e000 	C:\Windows\System32\IMM32.DLL
0x0000000059290000 - 0x0000000059362000 	C:\Program Files\Android\Android Studio\jre\jre\bin\msvcr100.dll
0x0000000059450000 - 0x0000000059c96000 	C:\Program Files\Android\Android Studio\jre\jre\bin\server\jvm.dll
0x00007ffe57de0000 - 0x00007ffe57de8000 	C:\Windows\System32\PSAPI.DLL
0x00007ffe53fe0000 - 0x00007ffe54004000 	C:\Windows\SYSTEM32\WINMM.dll
0x00007ffe54120000 - 0x00007ffe54129000 	C:\Windows\SYSTEM32\WSOCK32.dll
0x00007ffe50e70000 - 0x00007ffe50e7a000 	C:\Windows\SYSTEM32\VERSION.dll
0x00007ffe57ca0000 - 0x00007ffe57d0d000 	C:\Windows\System32\WS2_32.dll
0x00007ffe53f70000 - 0x00007ffe53f9d000 	C:\Windows\SYSTEM32\WINMMBASE.dll
0x00007ffe56660000 - 0x00007ffe566aa000 	C:\Windows\System32\cfgmgr32.dll
0x00007ffe52740000 - 0x00007ffe5274f000 	C:\Program Files\Android\Android Studio\jre\jre\bin\verify.dll
0x00007ffe4b1d0000 - 0x00007ffe4b1f9000 	C:\Program Files\Android\Android Studio\jre\jre\bin\java.dll
0x00007ffe4b1b0000 - 0x00007ffe4b1c6000 	C:\Program Files\Android\Android Studio\jre\jre\bin\zip.dll
0x00007ffe57e50000 - 0x00007ffe59344000 	C:\Windows\System32\SHELL32.dll
0x00007ffe59590000 - 0x00007ffe59638000 	C:\Windows\System32\shcore.dll
0x00007ffe566b0000 - 0x00007ffe56dfd000 	C:\Windows\System32\windows.storage.dll
0x00007ffe55df0000 - 0x00007ffe55e14000 	C:\Windows\System32\profapi.dll
0x00007ffe55e20000 - 0x00007ffe55e7d000 	C:\Windows\System32\powrprof.dll
0x00007ffe57bc0000 - 0x00007ffe57c12000 	C:\Windows\System32\shlwapi.dll
0x00007ffe55dd0000 - 0x00007ffe55de1000 	C:\Windows\System32\kernel.appcore.dll
0x00007ffe560c0000 - 0x00007ffe560d7000 	C:\Windows\System32\cryptsp.dll
0x00007ffe4b190000 - 0x00007ffe4b1aa000 	C:\Program Files\Android\Android Studio\jre\jre\bin\net.dll
0x00007ffe4a8b0000 - 0x00007ffe4aa87000 	C:\Windows\SYSTEM32\urlmon.dll
0x00007ffe491f0000 - 0x00007ffe49498000 	C:\Windows\SYSTEM32\iertutil.dll
0x00007ffe55810000 - 0x00007ffe5581c000 	C:\Windows\SYSTEM32\CRYPTBASE.DLL
0x00007ffe55640000 - 0x00007ffe556a7000 	C:\Windows\system32\mswsock.dll
0x00007ffe4b110000 - 0x00007ffe4b123000 	C:\Program Files\Android\Android Studio\jre\jre\bin\nio.dll
0x00007ffe44020000 - 0x00007ffe44046000 	C:\Users\Givi\.gradle\native\30\windows-amd64\native-platform.dll
0x00007ffe4b180000 - 0x00007ffe4b18d000 	C:\Program Files\Android\Android Studio\jre\jre\bin\management.dll
0x00007ffe55160000 - 0x00007ffe55193000 	C:\Windows\system32\rsaenh.dll
0x00007ffe56140000 - 0x00007ffe56166000 	C:\Windows\System32\bcrypt.dll
0x00007ffe55cd0000 - 0x00007ffe55cf8000 	C:\Windows\SYSTEM32\USERENV.dll
0x00007ffe55360000 - 0x00007ffe5539d000 	C:\Windows\SYSTEM32\IPHLPAPI.DLL
0x00007ffe57880000 - 0x00007ffe57888000 	C:\Windows\System32\NSI.dll
0x00007ffe4efa0000 - 0x00007ffe4efb6000 	C:\Windows\SYSTEM32\dhcpcsvc6.DLL
0x00007ffe4f070000 - 0x00007ffe4f08c000 	C:\Windows\SYSTEM32\dhcpcsvc.DLL
0x00007ffe553a0000 - 0x00007ffe55467000 	C:\Windows\SYSTEM32\DNSAPI.dll
0x00007ffe46a10000 - 0x00007ffe46a34000 	C:\Program Files\Android\Android Studio\jre\jre\bin\sunec.dll
0x00007ffe4b310000 - 0x00007ffe4b31a000 	C:\Windows\System32\rasadhlp.dll
0x00007ffe4b6b0000 - 0x00007ffe4b729000 	C:\Windows\System32\fwpuclnt.dll
0x00007ffe47ad0000 - 0x00007ffe47adb000 	C:\Program Files\Android\Android Studio\jre\jre\bin\sunmscapi.dll
0x00007ffe56e20000 - 0x00007ffe56ffc000 	C:\Windows\System32\CRYPT32.dll
0x00007ffe55e80000 - 0x00007ffe55e92000 	C:\Windows\System32\MSASN1.dll

VM Arguments:
jvm_args: -Xmx1536m -Dfile.encoding=windows-1251 -Duser.country=RU -Duser.language=ru -Duser.variant 
java_command: org.gradle.launcher.daemon.bootstrap.GradleDaemon 5.6.4
java_class_path (initial): C:\Users\Givi\.gradle\wrapper\dists\gradle-5.6.4-all\ankdp27end7byghfw1q2sw75f\gradle-5.6.4\lib\gradle-launcher-5.6.4.jar
Launcher Type: SUN_STANDARD

Environment Variables:
JAVA_HOME=C:\Program Files\Java\jdk-13.0.1
PATH=C:\Program Files (x86)\Common Files\Oracle\Java\javapath;C:\Windows\system32;C:\Windows;C:\Windows\System32\Wbem;C:\Windows\System32\WindowsPowerShell\v1.0\;C:\Windows\System32\OpenSSH\;C:\Program Files\Java\jdk-13.0.1\bin;C:\Program Files\Git\cmd;C:\Program Files (x86)\Intel\Intel(R) Management Engine Components\DAL;C:\Program Files\Intel\Intel(R) Management Engine Components\DAL;C:\Users\Givi\AppData\Local\Microsoft\WindowsApps;;C:\Users\Givi\AppData\Local\Programs\Fiddler
USERNAME=Givi
OS=Windows_NT
PROCESSOR_IDENTIFIER=Intel64 Family 6 Model 158 Stepping 11, GenuineIntel



---------------  S Y S T E M  ---------------

OS: Windows 10.0 , 64 bit Build 17763 (10.0.17763.1158)

CPU:total 4 (initial active 4) (4 cores per cpu, 1 threads per core) family 6 model 158 stepping 11, cmov, cx8, fxsr, mmx, sse, sse2, sse3, ssse3, sse4.1, sse4.2, popcnt, avx, avx2, aes, clmul, erms, 3dnowpref, lzcnt, tsc, tscinvbit, bmi1, bmi2, adx

Memory: 4k page, physical 16619188k(4589496k free), swap 17438388k(5832k free)

vm_info: OpenJDK 64-Bit Server VM (25.212-b04) for windows-amd64 JRE (1.8.0_212-release-1586-b04), built by "builder" with MS VC++ 10.0 (VS2010)

time: Tue May 12 17:16:55 2020
timezone: Финляндия (лето)
elapsed time: 1194 seconds (0d 0h 19m 54s)

